  ServiceCtl.c
D:\Study\university\5semester\SP\lab9\Service09\ServiceCtl\ServiceCtl.c(8,25): warning C4477: 'fprintf' : format string '%s' requires an argument of type 'char *', but variadic argument 1 has type 'LPTSTR'
      D:\Study\university\5semester\SP\lab9\Service09\ServiceCtl\ServiceCtl.c(8,25):
      consider using '%ls' in the format string
      D:\Study\university\5semester\SP\lab9\Service09\ServiceCtl\ServiceCtl.c(8,25):
      consider using '%lls' in the format string
      D:\Study\university\5semester\SP\lab9\Service09\ServiceCtl\ServiceCtl.c(8,25):
      consider using '%Ls' in the format string
      D:\Study\university\5semester\SP\lab9\Service09\ServiceCtl\ServiceCtl.c(8,25):
      consider using '%ws' in the format string
  
D:\Study\university\5semester\SP\lab9\Service09\ServiceCtl\ServiceCtl.c(16,29): warning C4477: 'fprintf' : format string '%s' requires an argument of type 'char *', but variadic argument 1 has type 'LPTSTR'
      D:\Study\university\5semester\SP\lab9\Service09\ServiceCtl\ServiceCtl.c(16,29):
      consider using '%ls' in the format string
      D:\Study\university\5semester\SP\lab9\Service09\ServiceCtl\ServiceCtl.c(16,29):
      consider using '%lls' in the format string
      D:\Study\university\5semester\SP\lab9\Service09\ServiceCtl\ServiceCtl.c(16,29):
      consider using '%Ls' in the format string
      D:\Study\university\5semester\SP\lab9\Service09\ServiceCtl\ServiceCtl.c(16,29):
      consider using '%ws' in the format string
  
D:\Study\university\5semester\SP\lab9\Service09\ServiceCtl\ServiceCtl.c(41,21): warning C4133: 'function': incompatible types - from 'LPTSTR' to 'LPCSTR'
D:\Study\university\5semester\SP\lab9\Service09\ServiceCtl\ServiceCtl.c(42,21): warning C4133: 'function': incompatible types - from 'LPTSTR' to 'LPCSTR'
D:\Study\university\5semester\SP\lab9\Service09\ServiceCtl\ServiceCtl.c(47,21): warning C4133: 'function': incompatible types - from 'LPTSTR' to 'LPCSTR'
D:\Study\university\5semester\SP\lab9\Service09\ServiceCtl\ServiceCtl.c(73,29): warning C4477: 'fprintf' : format string '%s' requires an argument of type 'char *', but variadic argument 1 has type 'LPTSTR'
      D:\Study\university\5semester\SP\lab9\Service09\ServiceCtl\ServiceCtl.c(73,29):
      consider using '%ls' in the format string
      D:\Study\university\5semester\SP\lab9\Service09\ServiceCtl\ServiceCtl.c(73,29):
      consider using '%lls' in the format string
      D:\Study\university\5semester\SP\lab9\Service09\ServiceCtl\ServiceCtl.c(73,29):
      consider using '%Ls' in the format string
      D:\Study\university\5semester\SP\lab9\Service09\ServiceCtl\ServiceCtl.c(73,29):
      consider using '%ws' in the format string
  
D:\Study\university\5semester\SP\lab9\Service09\ServiceCtl\ServiceCtl.c(100,21): warning C4133: 'function': incompatible types - from 'LPTSTR' to 'LPCSTR'
D:\Study\university\5semester\SP\lab9\Service09\ServiceCtl\ServiceCtl.c(119,27): warning C4133: 'function': incompatible types - from 'const char **' to 'LPCWSTR *'
D:\Study\university\5semester\SP\lab9\Service09\ServiceCtl\ServiceCtl.c(163,21): warning C4133: 'function': incompatible types - from 'LPTSTR' to 'LPCSTR'
D:\Study\university\5semester\SP\lab9\Service09\ServiceCtl\ServiceCtl.c(239,21): warning C4133: 'function': incompatible types - from 'LPTSTR' to 'LPCSTR'
D:\Study\university\5semester\SP\lab9\Service09\ServiceCtl\ServiceCtl.c(299,21): warning C4133: 'function': incompatible types - from 'LPTSTR' to 'LPCSTR'
D:\Study\university\5semester\SP\lab9\Service09\ServiceCtl\ServiceCtl.c(358,21): warning C4133: 'function': incompatible types - from 'LPTSTR' to 'LPCSTR'
D:\Study\university\5semester\SP\lab9\Service09\ServiceCtl\ServiceCtl.c(442,21): warning C4133: 'function': incompatible types - from 'LPTSTR' to 'LPCSTR'
D:\Study\university\5semester\SP\lab9\Service09\ServiceCtl\ServiceCtl.c(12,17): warning C4133: 'initializing': incompatible types - from 'LPTSTR' to 'const char *'
D:\Study\university\5semester\SP\lab9\Service09\ServiceCtl\ServiceCtl.c(78,15): warning C4133: 'initializing': incompatible types - from 'LPTSTR' to 'char *'
  Generating code
  0 of 4 functions ( 0.0%) were compiled, the rest were copied from previous compilation.
    0 functions were new in current compilation
    0 functions had inline decision re-evaluated but remain unchanged
  Finished generating code
  ServiceCtl.vcxproj -> D:\Study\university\5semester\SP\lab9\Service09\x64\Release\ServiceCtl.exe
